\BOOKMARK [1][-]{section.1}{Sintaxe Concreta}{}% 1
\BOOKMARK [2][-]{subsection.1.1}{Palavras Reservadas}{section.1}% 2
\BOOKMARK [2][-]{subsection.1.2}{Regras L\351xicas}{section.1}% 3
\BOOKMARK [2][-]{subsection.1.3}{Regras Sint\341ticas}{section.1}% 4
\BOOKMARK [3][-]{subsubsection.1.3.1}{S\355mbolos Terminais}{subsection.1.3}% 5
\BOOKMARK [3][-]{subsubsection.1.3.2}{Express\365es}{subsection.1.3}% 6
\BOOKMARK [3][-]{subsubsection.1.3.3}{Comandos}{subsection.1.3}% 7
\BOOKMARK [3][-]{subsubsection.1.3.4}{Declara\347\365es}{subsection.1.3}% 8
\BOOKMARK [3][-]{subsubsection.1.3.5}{Defini\347\365es}{subsection.1.3}% 9
\BOOKMARK [3][-]{subsubsection.1.3.6}{Programa}{subsection.1.3}% 10
\BOOKMARK [2][-]{subsection.1.4}{Exemplo}{section.1}% 11
\BOOKMARK [1][-]{section.2}{Sem\342ntica}{}% 12
\BOOKMARK [2][-]{subsection.2.1}{Dom\355nios Sint\341ticos}{section.2}% 13
\BOOKMARK [2][-]{subsection.2.2}{Sintaxe Abstrata}{section.2}% 14
\BOOKMARK [3][-]{subsubsection.2.2.1}{Express\365es}{subsection.2.2}% 15
\BOOKMARK [3][-]{subsubsection.2.2.2}{Comandos}{subsection.2.2}% 16
\BOOKMARK [3][-]{subsubsection.2.2.3}{Declara\347\365es}{subsection.2.2}% 17
\BOOKMARK [3][-]{subsubsection.2.2.4}{Defini\347\365es}{subsection.2.2}% 18
\BOOKMARK [3][-]{subsubsection.2.2.5}{Programa}{subsection.2.2}% 19
\BOOKMARK [2][-]{subsection.2.3}{Dom\355nios Sem\342nticos}{section.2}% 20
\BOOKMARK [2][-]{subsection.2.4}{Fun\347\365es Sem\342nticas}{section.2}% 21
\BOOKMARK [2][-]{subsection.2.5}{Equa\347\365es Sem\342nticas}{section.2}% 22
\BOOKMARK [3][-]{subsubsection.2.5.1}{Fun\347\365es auxiliares}{subsection.2.5}% 23
\BOOKMARK [3][-]{subsubsection.2.5.2}{Programa}{subsection.2.5}% 24
\BOOKMARK [3][-]{subsubsection.2.5.3}{Express\365es}{subsection.2.5}% 25
\BOOKMARK [3][-]{subsubsection.2.5.4}{Comandos}{subsection.2.5}% 26
\BOOKMARK [1][-]{section.3}{Desafios enfrentados}{}% 27
